
############################################
#
# Quality Assurance Check
#
############################################

[1] "To manually review edge cases that explain record count disparities, refer to the following folder:"
[1] "https://github.com/reliablerascal/fl-legislation-etl/tree/main/qa"


############################################
#
# Review processed dataframes for anomalies
#
############################################

[1] "Of 6271 roll calls,"
[1] "0 roll calls with missing date or no votes"

[1] "Of 213203 legislator-votes,"
[1] "115 legislator-votes are tied to roll calls with zero 'present' (aye or nay) votes"

############################################
#
# Review partisan_vote_type edge cases
#
############################################

[1] "Of 213,203 legislator-votes"
[1] "14,311 were categorized as 'Other.' Of these:"
[1] "7,744 absent"
[1] "6,314 no vote"
[1] "253 undefined because legislator's own party split their vote equally"
[1] "0 unexplained"

############################################
#
# Review assignment of incumbent legislators to districts
#
############################################

[1] "162 legislators and 160 incumbent legislators in p_legislators."
[1] "160 districts in p_districts, of which 160 have an incumbent legislator."

############################################
#
# Review party loyalty rankings
#
############################################

For party loyalty tiebreakers, legislators are ranked based on number of votes counted in party loyalty metric.
To review all loyalty ranks, see qa_loyalty_ranks.csv. Here are the first five:# A tibble: 6 × 8
  chamber party rank_partisan_leg_D rank_partisan_leg_R legislator_name        district_number leg_party_loyalty leg_n_votes_denom_loyalty
  <chr>   <chr>               <int>               <int> <chr>                            <int>             <dbl>                     <int>
1 House   D                       1                  NA LaVon Bracy Davis                   40             0.998                      1221
2 House   D                       2                  NA Angela Nixon                        13             0.998                      1009
3 House   D                       3                  NA Dotie Joseph                       108             0.998                       942
4 House   D                       4                  NA Dianne Hart                         63             0.997                      1137
5 House   D                       5                  NA Jennifer Harris                     44             0.996                      1120
6 House   D                       6                  NA Michele Rayner-Goolsby              62             0.995                      1110


############################################
#
# Reconcile legislator vote counts
#
############################################

[1] "213,203 legislator votes."
[1] "213,053 legislator votes in calc_votes01_both_parties_present."
[1] "213,053 legislator votes in calc_votes02_w_partisan_stats."
[1] "213,053 legislator votes in calc_votes03_categorized."
[1] "5 roll calls had no votes for one or both parties"
[1] "So 35 votes were removed"

############################################
#
# Reconcile roll call partisanship calculations
#
############################################

[1] "6271 roll calls."
[1] "12521 roll calls by party in calc_rc01_by_party. We'd expect two records per roll call, or 12542 records."
[1] "The difference is 21 records."
[1] "21 dropped records can be explained by no votes present for a party."
[1] "See qa_rc_no_present_votes.csv to review those records."


[1] "6263 roll calls by party in calc_rc02_partisanship"
[1] "6258 roll calls by party in calc_rc03_party_majority"
